Arguments: 
  C:\Program Files\nodejs\node.exe C:\Users\14345\AppData\Roaming\npm\node_modules\yarn\bin\yarn.js add jest @typs/jest --dev

PATH: 
  D:\software\vm\bin\;C:\Windows\system32;C:\Windows;C:\Windows\System32\Wbem;C:\Windows\System32\WindowsPowerShell\v1.0\;C:\Windows\System32\OpenSSH\;C:\Program Files (x86)\NVIDIA Corporation\PhysX\Common;C:\Program Files\NVIDIA Corporation\NVIDIA NvDLISR;C:\Windows\system32;C:\Windows;C:\Windows\System32\Wbem;C:\Windows\System32\WindowsPowerShell\v1.0\;C:\Windows\System32\OpenSSH\;D:\software\python\python;D:\software\git\Git\cmd;C:\Program Files\Docker\Docker\resources\bin;C:\ProgramData\DockerDesktop\version-bin;D:\software\mysql\mysql-8.0.30-winx64\bin;D:\software\sqlite\sqlite-tools-win32-x86-3390300\sqlite-tools-win32-x86-3390300;D:\software\mongo_tool\mongodb-database-tools-windows-x86_64-100.6.0;D:\software\mongodb\bin;D:\software\redis\Redis-x64-5.0.14.1;D:\software\go\bin;D:\software\grep\GnuWin32\bin;D:\software\sed\GnuWin32\bin\;D:\software\git\Git\usr\bin;D:\software\nvm\nvm;C:\Program Files\nodejs;D:\software\python;D:\software\python\Scripts;C:\Users\14345\AppData\Local\Microsoft\WindowsApps;D:\software\vscode\Microsoft VS Code\bin;C:\Users\14345\AppData\Roaming\npm;D:\software\mysql\mysql-8.0.30-winx64\bin;D:\software\sqlite\sqlite-tools-win32-x86-3390300\sqlite-tools-win32-x86-3390300;D:\software\mongo_tool\mongodb-database-tools-windows-x86_64-100.6.0;D:\software\mongodb\bin;D:\software\redis\Redis-x64-5.0.14.1;D:\software\redis\Redis-x64-5.0.14.1\redis-cli.exe;C:\Users\14345\go\bin;D:\software\nasm\nasm-2.15.05-win64\nasm-2.15.05\;D:\software\grep\GnuWin32\bin\;D:\software\sed\GnuWin32\bin\;D:\software\git\Git\usr\bin;D:\software\nvm\nvm;C:\Program Files\nodejs;D:\software\nvm\nvm;

Yarn version: 
  1.22.19

Node version: 
  16.17.0

Platform: 
  win32 x64

Trace: 
  Error: https://registry.npm.taobao.org/@typs%2fjest: [NOT_FOUND] @typs/jest not found
      at Request.params.callback [as _callback] (C:\Users\14345\AppData\Roaming\npm\node_modules\yarn\lib\cli.js:66145:18)
      at Request.self.callback (C:\Users\14345\AppData\Roaming\npm\node_modules\yarn\lib\cli.js:140890:22)
      at Request.emit (node:events:513:28)
      at Request.<anonymous> (C:\Users\14345\AppData\Roaming\npm\node_modules\yarn\lib\cli.js:141862:10)
      at Request.emit (node:events:513:28)
      at Gunzip.<anonymous> (C:\Users\14345\AppData\Roaming\npm\node_modules\yarn\lib\cli.js:141784:12)
      at Object.onceWrapper (node:events:627:28)
      at Gunzip.emit (node:events:513:28)
      at endReadableNT (node:internal/streams/readable:1358:12)
      at processTicksAndRejections (node:internal/process/task_queues:83:21)

npm manifest: 
  {
    "name": "mini-vue3",
    "version": "1.0.0",
    "main": "index.js",
    "license": "MIT",
    "devDependencies": {
      "typescript": "^4.9.4"
    }
  }

yarn manifest: 
  No manifest

Lockfile: 
  # THIS IS AN AUTOGENERATED FILE. DO NOT EDIT THIS FILE DIRECTLY.
  # yarn lockfile v1
  
  
  typescript@^4.9.4:
    version "4.9.4"
    resolved "https://registry.npmmirror.com/typescript/-/typescript-4.9.4.tgz#a2a3d2756c079abda241d75f149df9d561091e78"
    integrity sha512-Uz+dTXYzxXXbsFpM86Wh3dKCxrQqUcVMxwU54orwlJjOpO3ao8L7j5lH+dWfTwgCwIuM9GQ2kvVotzYJMXTBZg==
